# Reading protocol and threshold files
# Reading ensemble file
STARTING PROTOCOL 2

Active conformers for this phase: 1

Running 2-nd PROTOCOL -> CONF1

Ended Calculations

Summary

  conformers        E[Eh]        G[Eh]    B[cm-1]    E. Rel [kcal/mol]     Pop [%]    Elap. time [sec]
------------  -----------  -----------  ---------  -------------------  ----------  ------------------
           1  -566.321116  -566.225437   0.128091             0.000000  100.000000         1440.785981

Total elapsed time: 0:24:00.785981
Start Pruning

Getting number of conformers lying out of the energy windows (over 3.5 kcal/mol) - 0


Saving snapshot of the ensemble



Saving snapshot of the ensemble
===============
END PROTOCOL 2
===============


Saving snapshot of the ensemble
===============
CALCULATIONS ENDED
===============


